2026-06-01T11:00:00.000Z | UE=IMSI001010100000001 | CELL=NR-101 | LAYER=RRC | DIR=UE_TO_GNB | MSG=RRCSetupRequest | CAUSE=mo-Signalling
2026-06-01T11:00:00.090Z | UE=IMSI001010100000001 | CELL=NR-101 | LAYER=RRC | DIR=GNB_TO_UE | MSG=RRCSetup
2026-06-01T11:00:00.170Z | UE=IMSI001010100000001 | CELL=NR-101 | LAYER=RRC | DIR=UE_TO_GNB | MSG=RRCSetupComplete
2026-06-01T11:00:00.260Z | UE=IMSI001010100000001 | CELL=NR-101 | LAYER=NAS | DIR=UE_TO_AMF | MSG=RegistrationRequest
2026-06-01T11:00:00.420Z | UE=IMSI001010100000001 | CELL=NR-101 | LAYER=NAS | DIR=AMF_TO_UE | MSG=AuthenticationRequest
2026-06-01T11:00:00.600Z | UE=IMSI001010100000001 | CELL=NR-101 | LAYER=NAS | DIR=UE_TO_AMF | MSG=AuthenticationResponse
2026-06-01T11:00:00.780Z | UE=IMSI001010100000001 | CELL=NR-101 | LAYER=NAS | DIR=AMF_TO_UE | MSG=SecurityModeCommand
2026-06-01T11:00:00.940Z | UE=IMSI001010100000001 | CELL=NR-101 | LAYER=NAS | DIR=UE_TO_AMF | MSG=SecurityModeComplete
2026-06-01T11:00:01.150Z | UE=IMSI001010100000001 | CELL=NR-101 | LAYER=NAS | DIR=AMF_TO_UE | MSG=RegistrationAccept
2026-06-01T11:00:01.300Z | UE=IMSI001010100000001 | CELL=NR-101 | LAYER=NAS | DIR=UE_TO_AMF | MSG=RegistrationComplete
2026-06-01T11:00:02.000Z | UE=IMSI001010100000002 | CELL=NR-102 | LAYER=RRC | DIR=UE_TO_GNB | MSG=RRCSetupRequest | CAUSE=mo-Signalling
2026-06-01T11:00:02.080Z | UE=IMSI001010100000002 | CELL=NR-102 | LAYER=RRC | DIR=GNB_TO_UE | MSG=RRCSetup
2026-06-01T11:00:02.160Z | UE=IMSI001010100000002 | CELL=NR-102 | LAYER=RRC | DIR=UE_TO_GNB | MSG=RRCSetupComplete
2026-06-01T11:00:02.260Z | UE=IMSI001010100000002 | CELL=NR-102 | LAYER=NAS | DIR=UE_TO_AMF | MSG=RegistrationRequest
2026-06-01T11:00:02.500Z | UE=IMSI001010100000002 | CELL=NR-102 | LAYER=NAS | DIR=AMF_TO_UE | MSG=RegistrationReject | CAUSE=subscription-not-allowed
2026-06-01T11:00:03.000Z | UE=IMSI001010100000003 | CELL=NR-103 | LAYER=RRC | DIR=UE_TO_GNB | MSG=RRCSetupRequest | CAUSE=mo-Signalling
2026-06-01T11:00:03.090Z | UE=IMSI001010100000003 | CELL=NR-103 | LAYER=RRC | DIR=GNB_TO_UE | MSG=RRCSetup
2026-06-01T11:00:03.170Z | UE=IMSI001010100000003 | CELL=NR-103 | LAYER=RRC | DIR=UE_TO_GNB | MSG=RRCSetupComplete
2026-06-01T11:00:03.300Z | UE=IMSI001010100000003 | CELL=NR-103 | LAYER=NAS | DIR=UE_TO_AMF | MSG=RegistrationRequest
2026-06-01T11:00:03.450Z | UE=IMSI001010100000003 | CELL=NR-103 | LAYER=NAS | DIR=AMF_TO_UE | MSG=AuthenticationRequest
2026-06-01T11:00:03.610Z | UE=IMSI001010100000003 | CELL=NR-103 | LAYER=NAS | DIR=UE_TO_AMF | MSG=AuthenticationResponse
2026-06-01T11:00:03.800Z | UE=IMSI001010100000003 | CELL=NR-103 | LAYER=NAS | DIR=AMF_TO_UE | MSG=SecurityModeCommand
2026-06-01T11:00:03.970Z | UE=IMSI001010100000003 | CELL=NR-103 | LAYER=NAS | DIR=UE_TO_AMF | MSG=SecurityModeReject | CAUSE=security-mode-rejected
2026-06-01T11:00:05.000Z | UE=IMSI001010100000004 | CELL=NR-104 | LAYER=RRC | DIR=UE_TO_GNB | MSG=RRCSetupRequest | CAUSE=mo-Signalling
2026-06-01T11:00:05.100Z | UE=IMSI001010100000004 | CELL=NR-104 | LAYER=RRC | DIR=GNB_TO_UE | MSG=RRCSetup
2026-06-01T11:00:05.200Z | UE=IMSI001010100000004 | CELL=NR-104 | LAYER=RRC | DIR=UE_TO_GNB | MSG=RRCSetupComplete
2026-06-01T11:00:05.300Z | UE=IMSI001010100000004 | CELL=NR-104 | LAYER=NAS | DIR=UE_TO_AMF | MSG=RegistrationRequest
